  HD_NN.cpp
D:\Users\Alberto\Documents\Programming Languages\C++\Neural Networks\Handwritten Digits\HD_NN\HD_NN\HD_NN.cpp(44,30): warning C4267: 'argument': conversion from 'size_t' to 'int', possible loss of data
D:\Users\Alberto\Documents\Programming Languages\C++\Neural Networks\Handwritten Digits\HD_NN\HD_NN\HD_NN.cpp(45,30): warning C4267: 'argument': conversion from 'size_t' to 'int', possible loss of data
D:\Users\Alberto\Documents\Programming Languages\C++\Neural Networks\Handwritten Digits\HD_NN\HD_NN\HD_NN.cpp(52,52): warning C4267: 'argument': conversion from 'size_t' to '_Tp', possible loss of data
          with
          [
              _Tp=int
          ]
D:\Users\Alberto\Documents\Programming Languages\C++\Neural Networks\Handwritten Digits\HD_NN\HD_NN\HD_NN.cpp(52,79): warning C4267: 'argument': conversion from 'size_t' to 'int', possible loss of data
D:\Users\Alberto\Documents\Programming Languages\C++\Neural Networks\Handwritten Digits\HD_NN\HD_NN\HD_NN.cpp(52,96): warning C4267: 'argument': conversion from 'size_t' to 'int', possible loss of data
D:\Users\Alberto\Documents\Programming Languages\C++\Neural Networks\Handwritten Digits\HD_NN\HD_NN\HD_NN.cpp(52,113): warning C4267: 'argument': conversion from 'size_t' to 'int', possible loss of data
D:\Users\Alberto\Documents\Programming Languages\C++\Neural Networks\Handwritten Digits\HD_NN\HD_NN\HD_NN.cpp(56,63): warning C4267: 'argument': conversion from 'size_t' to '_Tp', possible loss of data
          with
          [
              _Tp=int
          ]
D:\Users\Alberto\Documents\Programming Languages\C++\Neural Networks\Handwritten Digits\HD_NN\HD_NN\HD_NN.cpp(58,63): warning C4267: 'argument': conversion from 'size_t' to '_Tp', possible loss of data
          with
          [
              _Tp=int
          ]
D:\Users\Alberto\Documents\Programming Languages\C++\Neural Networks\Handwritten Digits\HD_NN\HD_NN\HD_NN.cpp(71,12): warning C4267: 'argument': conversion from 'size_t' to 'int', possible loss of data
D:\Users\Alberto\Documents\Programming Languages\C++\Neural Networks\Handwritten Digits\HD_NN\HD_NN\HD_NN.cpp(72,24): warning C4267: 'argument': conversion from 'size_t' to 'int', possible loss of data
D:\Users\Alberto\Documents\Programming Languages\C++\Neural Networks\Handwritten Digits\HD_NN\HD_NN\HD_NN.cpp(73,22): warning C4267: '=': conversion from 'size_t' to 'int', possible loss of data
  HD_NN.vcxproj -> D:\Users\Alberto\Documents\Programming Languages\C++\Neural Networks\Handwritten Digits\HD_NN\x64\Debug\HD_NN.exe
